<?xml version="1.0" encoding="UTF-8"?>
<!-- Generated by org.testng.reporters.JUnitReportReporter -->
<testsuite hostname="LAPTOP-9U986QKD" failures="0" tests="6" name="POMproject.WebsiteTestingMay2023.BaseShoppingTest" time="87.541" errors="0" timestamp="2024-04-04T04:35:52 EDT" skipped="0">
  <testcase classname="POMproject.WebsiteTestingMay2023.BaseShoppingTest" name="verifycarttest" time="18.176"/>
  <system-out/>
  <testcase classname="POMproject.WebsiteTestingMay2023.BaseShoppingTest" name="verifyordertest" time="9.474"/>
  <system-out/>
  <testcase classname="POMproject.WebsiteTestingMay2023.BaseShoppingTest" name="submittest" time="15.594"/>
  <system-out/>
  <testcase classname="POMproject.WebsiteTestingMay2023.BaseShoppingTest" name="verifyordertest" time="8.966"/>
  <system-out/>
  <testcase classname="POMproject.WebsiteTestingMay2023.BaseShoppingTest" name="submittest" time="16.209"/>
  <system-out/>
  <testcase classname="POMproject.WebsiteTestingMay2023.BaseShoppingTest" name="verifycarttest" time="19.122"/>
  <system-out/>
</testsuite> <!-- POMproject.WebsiteTestingMay2023.BaseShoppingTest -->
