<?xml version="1.0" encoding="UTF-8"?>
<!-- Generated by org.testng.reporters.JUnitReportReporter -->
<testsuite hostname="LAPTOP-9U986QKD" failures="0" tests="1" name="POMproject.WebsiteTestingMay2023.AppTest" time="0.016" errors="0" timestamp="2024-04-04T04:35:52 EDT" skipped="0">
  <testcase classname="POMproject.WebsiteTestingMay2023.AppTest" name="shouldAnswerWithTrue" time="0.016"/>
  <system-out/>
</testsuite> <!-- POMproject.WebsiteTestingMay2023.AppTest -->
