<?xml version="1.0" encoding="UTF-8"?>
<!-- Generated by org.testng.reporters.JUnitReportReporter -->
<testsuite hostname="LAPTOP-9U986QKD" failures="0" tests="1" name="POMproject.WebsiteTestingMay2023.IndidualTest" time="15.238" errors="0" timestamp="2024-04-04T03:41:34 EDT" skipped="0">
  <testcase classname="POMproject.WebsiteTestingMay2023.IndidualTest" name="producterrorvalidation" time="15.238"/>
  <system-out/>
</testsuite> <!-- POMproject.WebsiteTestingMay2023.IndidualTest -->
