<?xml version="1.0" encoding="UTF-8"?>
<!-- Generated by org.testng.reporters.JUnitReportReporter -->
<testsuite hostname="LAPTOP-9U986QKD" failures="0" tests="6" name="POMproject.WebsiteTestingMay2023.BaseShoppingTest" time="92.928" errors="0" timestamp="2024-04-04T02:09:01 EDT" skipped="0">
  <testcase classname="POMproject.WebsiteTestingMay2023.BaseShoppingTest" name="verifycarttest" time="23.761"/>
  <system-out/>
  <testcase classname="POMproject.WebsiteTestingMay2023.BaseShoppingTest" name="submittest" time="16.706"/>
  <system-out/>
  <testcase classname="POMproject.WebsiteTestingMay2023.BaseShoppingTest" name="verifycarttest" time="18.341"/>
  <system-out/>
  <testcase classname="POMproject.WebsiteTestingMay2023.BaseShoppingTest" name="submittest" time="16.180"/>
  <system-out/>
  <testcase classname="POMproject.WebsiteTestingMay2023.BaseShoppingTest" name="verifyordertest" time="8.834"/>
  <system-out/>
  <testcase classname="POMproject.WebsiteTestingMay2023.BaseShoppingTest" name="verifyordertest" time="9.106"/>
  <system-out/>
</testsuite> <!-- POMproject.WebsiteTestingMay2023.BaseShoppingTest -->
