<?xml version="1.0" encoding="UTF-8"?>
<!-- Generated by org.testng.reporters.JUnitReportReporter -->
<testsuite hostname="LAPTOP-9U986QKD" failures="0" tests="3" name="POMproject.WebsiteTestingMay2023.ErrorValidationTest" time="32.671" errors="0" timestamp="2024-04-05T01:13:42 EDT" skipped="0">
  <testcase classname="POMproject.WebsiteTestingMay2023.ErrorValidationTest" name="validateerrorcode" time="8.913"/>
  <system-out/>
  <testcase classname="POMproject.WebsiteTestingMay2023.ErrorValidationTest" name="validateerrorcode" time="10.701"/>
  <system-out/>
  <testcase classname="POMproject.WebsiteTestingMay2023.ErrorValidationTest" name="producterrorvalidation" time="13.057"/>
  <system-out/>
</testsuite> <!-- POMproject.WebsiteTestingMay2023.ErrorValidationTest -->
