<?xml version="1.0" encoding="UTF-8"?>
<!-- Generated by org.testng.reporters.JUnitReportReporter -->
<testsuite hostname="LAPTOP-9U986QKD" failures="0" tests="3" name="POMproject.WebsiteTestingMay2023.ErrorValidationTest" time="51.985" errors="0" timestamp="2024-04-05T00:46:53 EDT" skipped="0">
  <testcase classname="POMproject.WebsiteTestingMay2023.ErrorValidationTest" name="validateerrorcode" time="19.418"/>
  <system-out/>
  <testcase classname="POMproject.WebsiteTestingMay2023.ErrorValidationTest" name="validateerrorcode" time="14.052"/>
  <system-out/>
  <testcase classname="POMproject.WebsiteTestingMay2023.ErrorValidationTest" name="producterrorvalidation" time="18.515"/>
  <system-out/>
</testsuite> <!-- POMproject.WebsiteTestingMay2023.ErrorValidationTest -->
